Working on json input
Working on IV.MCI.None.EHE 
Working on IV.MCI.None.EHN 
Working on IV.LRP.None.EHE 
Working on IV.POFI.None.HHE 
Working on IV.POFI.None.HNE 
Working on IV.LRP.None.EHN 
Working on IV.VVLD.None.HNN 
Working on IV.VVLD.None.HHN 
Working on IV.CERA.None.HHE 
Working on IV.CERA.None.HNE 
Working on IV.CERA.None.HHN 
Working on IV.CERA.None.HNN 
Working on IV.RNI2.None.HHN 
Working on IV.GIUL.None.HHN 
Working on IV.GIUL.None.HHE 
Working on IV.TST01.None.HHN 
Working on IV.PIGN.None.HNN 
Working on IV.VAGA.None.HHN 
Working on IV.VAGA.None.HNN 
Working on IV.VAGA.None.HHE 
Working on IV.VAGA.None.HNE 
Working on IV.PIGN.None.HHN 
Working on IV.PIGN.None.HNE 
Working on IV.LPEL.None.HHN 
Working on IV.LPEL.None.HNN 
Working on IV.PIGN.None.HHE 
Working on IV.INTR.None.HNN 
Working on IV.PTQR.None.HHN 
Working on IV.RCAV.None.EHE 
Working on IV.PTQR.None.HHE 
Working on IV.T0110.None.HHN 
Working on IV.CERT.None.HNN 
Working on IV.CERT.None.HHN 
Working on IV.CERT.None.HNE 
Working on IV.VIVA.None.HHN 
Working on IV.LPEL.None.HNE 
Working on IV.LPEL.None.HHE 
Working on IV.RCAV.None.EHN 
Working on IV.IOCA.None.HHN 
Working on IV.VIVA.None.HHE 
Working on IV.T0110.None.HHE 
Working on IV.VENT.None.EHN 
Working on IV.VENT.None.EHE 
Working on IV.FAGN.None.HHN 
Working on IV.FAGN.None.HHE 
Working on IV.VITU.None.HHN 
Working on IV.CERT.None.HHE 
Working on IV.VITU.None.HHE 
Working on IV.IOCA.None.HHE 
Working on IV.VCEL.None.EHN 
Working on IV.MELA.None.HNE 
Working on IV.MELA.None.HHE 
Working on IV.VCEL.None.EHE 
Working on IV.MELA.None.HHN 
Working on IV.MELA.None.HNN 
Working on IV.RM33.None.HNE 
Working on IV.RM33.None.EHE 
Working on IV.MRB1.None.HNN 
Working on IV.MRB1.None.HHN 
Working on IV.MRB1.None.HHE 
Working on IV.MRB1.None.HNE 
Working on IV.APRC.None.HHN 
Working on IV.APRC.None.HNE 
Working on IV.APRC.None.HHE 
Working on IV.TREM.None.HHE 
Working on IV.TREM.None.HHN 
Working on IV.SGRT.None.HHN 
Working on IV.SGRT.None.HHE 
Working on IV.MCRV.None.HHE 
Working on IV.MCRV.None.HHN 
Working on OT.OT12.None.EHE 
Working on IV.MOMA.None.HNN 
Working on IV.MOMA.None.HNE 
Working on OT.OT12.None.EHN 
Working on IV.POFI.None.HHN 
Working on IV.POFI.None.HNN 
Working on IV.RNI2.None.HHE 
Working on IV.INTR.None.HHN 
Working on IV.INTR.None.HNE 
Working on IV.INTR.None.HHE 
Working on IV.VVLD.None.HNE 
Working on IV.VVLD.None.HHE 
Working on IV.MIDA.None.HHE 
Working on IV.MIDA.None.HNE 
Working on IV.MIDA.None.HHN 
Working on IV.MIDA.None.HNN 
Working on IV.SGG.None.HNE 
Working on IV.SGG.None.HNN 
Working on IV.SGG.None.HHN 
Working on IV.SGG.None.HHE 
Working on IV.TST01.None.HHE 
Working on IV.TST02.None.HHN 
Working on IV.TST02.None.HHE 
Working on IV.BSSO.None.HNN 
Working on IV.BSSO.None.HHE 
Working on IV.BSSO.None.HNE 
Working on IV.BSSO.None.HHN 
Working on IV.VITU.None.HNN 
Working on IV.VITU.None.HNE 
Working on IV.PSB1.None.HNE 
Working on IV.PSB1.None.HNN 
Working on IV.PSB1.None.HHE 
Working on IV.PSB1.None.HHN 
Working on IV.RM33.None.EHN 
Working on IV.RM33.None.HNN 
Working on IV.APRC.None.HNN 
Working on IV.GAVE.None.EHN 
Working on IV.GAVE.None.HNN 
Working on IV.GAVE.None.HNE 
Working on IV.GAVE.None.EHE 
Working on IV.TREM.None.HNE 
Working on IV.TREM.None.HNN 
Working on IV.MOMA.None.HHE 
Working on IV.MOMA.None.HHN 
Working on IV.CSP1.None.EHE 
Working on IV.CSP1.None.EHN 
Station skipped due to epidist:  IV_TST01_None_HH nan 
Station skipped due to epidist:  IV_TST02_None_HH nan 
Station skipped due to epidist:  IV_TST01_None_HH nan 
Station skipped due to epidist:  IV_TST02_None_HH nan 
